SymInit: Symbol-SearchPath: '.;R:\SteamLibrary\steamapps\common\DARK SOULS III\Game;R:\SteamLibrary\steamapps\common\DARK SOULS III\Game;C:\WINDOWS;C:\WINDOWS\system32;SRV*C:\websymbols*http://msdl.microsoft.com/download/symbols;', symOptions: 530, UserName: 'aleaallee'
OS-Version: 6.2.9200 () 0x100-0x1
R:\SteamLibrary\steamapps\common\DARK SOULS III\Game\DarkSoulsIII.exe:DarkSoulsIII.exe (0000000140000000), size: 104722432 (result: 0), SymType: '-exported-', PDB: 'R:\SteamLibrary\steamapps\common\DARK SOULS III\Game\DarkSoulsIII.exe', fileVersion: 1.15.0.0
C:\WINDOWS\SYSTEM32\ntdll.dll:ntdll.dll (00007FFDCC180000), size: 2125824 (result: 0), SymType: '-exported-', PDB: 'C:\WINDOWS\SYSTEM32\ntdll.dll', fileVersion: 6.2.22000.434
C:\WINDOWS\System32\KERNEL32.DLL:KERNEL32.DLL (00007FFDCAA90000), size: 774144 (result: 0), SymType: '-exported-', PDB: 'C:\WINDOWS\System32\KERNEL32.DLL', fileVersion: 6.2.22000.434
C:\WINDOWS\System32\KERNELBASE.dll:KERNELBASE.dll (00007FFDC9860000), size: 3620864 (result: 0), SymType: '-exported-', PDB: 'C:\WINDOWS\System32\KERNELBASE.dll', fileVersion: 6.2.22000.434
C:\WINDOWS\System32\WS2_32.dll:WS2_32.dll (00007FFDCAF90000), size: 454656 (result: 0), SymType: '-exported-', PDB: 'C:\WINDOWS\System32\WS2_32.dll', fileVersion: 6.2.22000.1
C:\WINDOWS\System32\RPCRT4.dll:RPCRT4.dll (00007FFDCA970000), size: 1179648 (result: 0), SymType: '-exported-', PDB: 'C:\WINDOWS\System32\RPCRT4.dll', fileVersion: 6.2.22000.434
C:\WINDOWS\SYSTEM32\dxgi.dll:dxgi.dll (00007FFDC6C50000), size: 995328 (result: 0), SymType: '-exported-', PDB: 'C:\WINDOWS\SYSTEM32\dxgi.dll', fileVersion: 6.2.22000.348
R:\SteamLibrary\steamapps\common\DARK SOULS III\Game\steam_api64.dll:steam_api64.dll (000000005BF80000), size: 135168 (result: 0), SymType: '-exported-', PDB: 'R:\SteamLibrary\steamapps\common\DARK SOULS III\Game\steam_api64.dll', fileVersion: 1.68.8.89
C:\WINDOWS\System32\WLDAP32.dll:WLDAP32.dll (00007FFDCB000000), size: 352256 (result: 0), SymType: '-exported-', PDB: 'C:\WINDOWS\System32\WLDAP32.dll', fileVersion: 6.2.22000.1
C:\WINDOWS\System32\ADVAPI32.dll:ADVAPI32.dll (00007FFDCA540000), size: 712704 (result: 0), SymType: '-exported-', PDB: 'C:\WINDOWS\System32\ADVAPI32.dll', fileVersion: 6.2.22000.434
C:\WINDOWS\System32\msvcrt.dll:msvcrt.dll (00007FFDCBAD0000), size: 667648 (result: 0), SymType: '-exported-', PDB: 'C:\WINDOWS\System32\msvcrt.dll', fileVersion: 7.0.22000.1
C:\WINDOWS\System32\ucrtbase.dll:ucrtbase.dll (00007FFDC9F00000), size: 1118208 (result: 0), SymType: '-exported-', PDB: 'C:\WINDOWS\System32\ucrtbase.dll', fileVersion: 6.2.22000.1
C:\WINDOWS\System32\win32u.dll:win32u.dll (00007FFDC9830000), size: 155648 (result: 0), SymType: '-exported-', PDB: 'C:\WINDOWS\System32\win32u.dll', fileVersion: 6.2.22000.434
C:\WINDOWS\System32\sechost.dll:sechost.dll (00007FFDCA280000), size: 647168 (result: 0), SymType: '-exported-', PDB: 'C:\WINDOWS\System32\sechost.dll', fileVersion: 6.2.22000.434
C:\WINDOWS\System32\USER32.dll:USER32.dll (00007FFDCABD0000), size: 1753088 (result: 0), SymType: '-exported-', PDB: 'C:\WINDOWS\System32\USER32.dll', fileVersion: 6.2.22000.282
C:\WINDOWS\System32\SHELL32.dll:SHELL32.dll (00007FFDCB060000), size: 8052736 (result: 0), SymType: '-exported-', PDB: 'C:\WINDOWS\System32\SHELL32.dll', fileVersion: 6.2.22000.434
C:\WINDOWS\System32\GDI32.dll:GDI32.dll (00007FFDCA250000), size: 167936 (result: 0), SymType: '-exported-', PDB: 'C:\WINDOWS\System32\GDI32.dll', fileVersion: 6.2.22000.1
R:\SteamLibrary\steamapps\common\DARK SOULS III\Game\fmodex64.dll:fmodex64.dll (00007FFD6E490000), size: 1867776 (result: 0), SymType: '-exported-', PDB: 'R:\SteamLibrary\steamapps\common\DARK SOULS III\Game\fmodex64.dll', fileVersion: 0.4.44.61
R:\SteamLibrary\steamapps\common\DARK SOULS III\Game\fmod_event64.dll:fmod_event64.dll (00007FFD88D10000), size: 536576 (result: 0), SymType: '-exported-', PDB: 'R:\SteamLibrary\steamapps\common\DARK SOULS III\Game\fmod_event64.dll', fileVersion: 0.4.44.61
C:\WINDOWS\System32\msvcp_win.dll:msvcp_win.dll (00007FFDC9790000), size: 643072 (result: 0), SymType: '-exported-', PDB: 'C:\WINDOWS\System32\msvcp_win.dll', fileVersion: 6.2.22000.1
C:\WINDOWS\System32\gdi32full.dll:gdi32full.dll (00007FFDC9670000), size: 1122304 (result: 0), SymType: '-exported-', PDB: 'C:\WINDOWS\System32\gdi32full.dll', fileVersion: 6.2.22000.71
C:\WINDOWS\System32\ole32.dll:ole32.dll (00007FFDCB880000), size: 1679360 (result: 0), SymType: '-exported-', PDB: 'C:\WINDOWS\System32\ole32.dll', fileVersion: 6.2.22000.120
C:\WINDOWS\System32\combase.dll:combase.dll (00007FFDCA5F0000), size: 3637248 (result: 0), SymType: '-exported-', PDB: 'C:\WINDOWS\System32\combase.dll', fileVersion: 6.2.22000.282
C:\WINDOWS\System32\OLEAUT32.dll:OLEAUT32.dll (00007FFDCBB80000), size: 876544 (result: 0), SymType: '-exported-', PDB: 'C:\WINDOWS\System32\OLEAUT32.dll', fileVersion: 6.2.22000.1
C:\WINDOWS\SYSTEM32\WINMM.dll:WINMM.dll (00007FFDC4D90000), size: 208896 (result: 0), SymType: '-exported-', PDB: 'C:\WINDOWS\SYSTEM32\WINMM.dll', fileVersion: 6.2.22000.1
C:\WINDOWS\System32\IMM32.dll:IMM32.dll (00007FFDCC100000), size: 200704 (result: 0), SymType: '-exported-', PDB: 'C:\WINDOWS\System32\IMM32.dll', fileVersion: 6.2.22000.1
R:\SteamLibrary\steamapps\common\DARK SOULS III\Game\binkw64.dll:binkw64.dll (00007FFD9CD20000), size: 311296 (result: 0), SymType: '-exported-', PDB: 'R:\SteamLibrary\steamapps\common\DARK SOULS III\Game\binkw64.dll', fileVersion: 1.999.9.0
C:\WINDOWS\SYSTEM32\d3d9.dll:d3d9.dll (00007FFD9F880000), size: 1728512 (result: 0), SymType: '-exported-', PDB: 'C:\WINDOWS\SYSTEM32\d3d9.dll', fileVersion: 6.2.22000.120
C:\WINDOWS\SYSTEM32\d3d11.dll:d3d11.dll (00007FFDB9A20000), size: 2621440 (result: 0), SymType: '-exported-', PDB: 'C:\WINDOWS\SYSTEM32\d3d11.dll', fileVersion: 6.2.22000.120
C:\WINDOWS\SYSTEM32\d3dx11_43.dll:d3dx11_43.dll (00007FFD9A680000), size: 286720 (result: 0), SymType: '-exported-', PDB: 'C:\WINDOWS\SYSTEM32\d3dx11_43.dll', fileVersion: 9.29.952.3111
C:\WINDOWS\SYSTEM32\d3dx9_43.dll:d3dx9_43.dll (00007FFD6DD80000), size: 2502656 (result: 0), SymType: '-exported-', PDB: 'C:\WINDOWS\SYSTEM32\d3dx9_43.dll', fileVersion: 9.29.952.3111
R:\SteamLibrary\steamapps\common\DARK SOULS III\Game\DINPUT8.dll:DINPUT8.dll (0000000180000000), size: 397312 (result: 0), SymType: '-exported-', PDB: 'R:\SteamLibrary\steamapps\common\DARK SOULS III\Game\DINPUT8.dll'
C:\WINDOWS\SYSTEM32\XINPUT1_3.dll:XINPUT1_3.dll (0000000000400000), size: 122880 (result: 0), SymType: '-exported-', PDB: 'C:\WINDOWS\SYSTEM32\XINPUT1_3.dll', fileVersion: 9.18.944.0
C:\WINDOWS\SYSTEM32\WSOCK32.dll:WSOCK32.dll (00007FFDBCCA0000), size: 36864 (result: 0), SymType: '-exported-', PDB: 'C:\WINDOWS\SYSTEM32\WSOCK32.dll', fileVersion: 6.2.22000.1
C:\WINDOWS\SYSTEM32\D3DCOMPILER_43.dll:D3DCOMPILER_43.dll (00007FFD6DAA0000), size: 2551808 (result: 0), SymType: '-exported-', PDB: 'C:\WINDOWS\SYSTEM32\D3DCOMPILER_43.dll', fileVersion: 9.29.952.3111
C:\WINDOWS\System32\SETUPAPI.dll:SETUPAPI.dll (00007FFDCBC60000), size: 4632576 (result: 0), SymType: '-exported-', PDB: 'C:\WINDOWS\System32\SETUPAPI.dll', fileVersion: 6.2.22000.194
C:\WINDOWS\SYSTEM32\MSACM32.dll:MSACM32.dll (00007FFDB9180000), size: 122880 (result: 0), SymType: '-exported-', PDB: 'C:\WINDOWS\SYSTEM32\MSACM32.dll', fileVersion: 6.2.22000.1
C:\WINDOWS\SYSTEM32\kernel.appcore.dll:kernel.appcore.dll (00007FFDC8860000), size: 98304 (result: 0), SymType: '-exported-', PDB: 'C:\WINDOWS\SYSTEM32\kernel.appcore.dll', fileVersion: 6.2.22000.71
C:\WINDOWS\SYSTEM32\dwmapi.dll:dwmapi.dll (00007FFDC7040000), size: 192512 (result: 0), SymType: '-exported-', PDB: 'C:\WINDOWS\SYSTEM32\dwmapi.dll', fileVersion: 6.2.22000.41
C:\WINDOWS\System32\SHLWAPI.dll:SHLWAPI.dll (00007FFDCB820000), size: 380928 (result: 0), SymType: '-exported-', PDB: 'C:\WINDOWS\System32\SHLWAPI.dll', fileVersion: 6.2.22000.1
C:\WINDOWS\SYSTEM32\VERSION.dll:VERSION.dll (00007FFDC3CB0000), size: 40960 (result: 0), SymType: '-exported-', PDB: 'C:\WINDOWS\SYSTEM32\VERSION.dll', fileVersion: 6.2.22000.1
C:\WINDOWS\SYSTEM32\dxcore.dll:dxcore.dll (00007FFDC6B70000), size: 229376 (result: 0), SymType: '-exported-', PDB: 'C:\WINDOWS\SYSTEM32\dxcore.dll', fileVersion: 6.2.22000.1
R:\SteamLibrary\steamapps\common\DARK SOULS III\Game\HoodiePatcher.dll:HoodiePatcher.dll (00007FFDC0980000), size: 45056 (result: 0), SymType: '-exported-', PDB: 'R:\SteamLibrary\steamapps\common\DARK SOULS III\Game\HoodiePatcher.dll'
C:\WINDOWS\SYSTEM32\MSVCP140.dll:MSVCP140.dll (00007FFDB3C70000), size: 581632 (result: 0), SymType: '-exported-', PDB: 'C:\WINDOWS\SYSTEM32\MSVCP140.dll', fileVersion: 14.30.30704.0
C:\WINDOWS\SYSTEM32\VCRUNTIME140_1.dll:VCRUNTIME140_1.dll (00007FFDB8CF0000), size: 49152 (result: 0), SymType: '-exported-', PDB: 'C:\WINDOWS\SYSTEM32\VCRUNTIME140_1.dll', fileVersion: 14.30.30704.0
C:\WINDOWS\SYSTEM32\VCRUNTIME140.dll:VCRUNTIME140.dll (00007FFDBCCE0000), size: 110592 (result: 0), SymType: '-exported-', PDB: 'C:\WINDOWS\SYSTEM32\VCRUNTIME140.dll', fileVersion: 14.30.30704.0
C:\WINDOWS\system32\dinput8.dll:dinput8.dll (00007FFD96980000), size: 282624 (result: 0), SymType: '-exported-', PDB: 'C:\WINDOWS\system32\dinput8.dll', fileVersion: 6.2.22000.1
C:\Program Files (x86)\Steam\gameoverlayrenderer64.dll:gameoverlayrenderer64.dll (00007FFD6BEE0000), size: 1953792 (result: 0), SymType: '-exported-', PDB: 'C:\Program Files (x86)\Steam\gameoverlayrenderer64.dll', fileVersion: 7.0.91.85
C:\WINDOWS\System32\PSAPI.DLL:PSAPI.DLL (00007FFDCABC0000), size: 32768 (result: 0), SymType: '-exported-', PDB: 'C:\WINDOWS\System32\PSAPI.DLL', fileVersion: 6.2.22000.1
C:\WINDOWS\SYSTEM32\inputhost.dll:inputhost.dll (00007FFDB4650000), size: 1871872 (result: 0), SymType: '-exported-', PDB: 'C:\WINDOWS\SYSTEM32\inputhost.dll', fileVersion: 6.2.22000.168
C:\WINDOWS\SYSTEM32\CoreMessaging.dll:CoreMessaging.dll (00007FFDC66B0000), size: 1253376 (result: 0), SymType: '-exported-', PDB: 'C:\WINDOWS\SYSTEM32\CoreMessaging.dll', fileVersion: 6.2.22000.71
C:\WINDOWS\System32\bcryptPrimitives.dll:bcryptPrimitives.dll (00007FFDC9BE0000), size: 520192 (result: 0), SymType: '-exported-', PDB: 'C:\WINDOWS\System32\bcryptPrimitives.dll', fileVersion: 6.2.22000.376
C:\WINDOWS\SYSTEM32\CRYPTBASE.DLL:CRYPTBASE.DLL (00007FFDC8EF0000), size: 49152 (result: 0), SymType: '-exported-', PDB: 'C:\WINDOWS\SYSTEM32\CRYPTBASE.DLL', fileVersion: 6.2.22000.1
C:\Program Files (x86)\Steam\steamclient64.dll:steamclient64.dll (00007FFD5CF80000), size: 21913600 (result: 0), SymType: '-exported-', PDB: 'C:\Program Files (x86)\Steam\steamclient64.dll', fileVersion: 7.0.91.85
C:\WINDOWS\System32\CRYPT32.dll:CRYPT32.dll (00007FFDC9D20000), size: 1449984 (result: 0), SymType: '-exported-', PDB: 'C:\WINDOWS\System32\CRYPT32.dll', fileVersion: 6.2.22000.348
C:\WINDOWS\System32\imagehlp.dll:imagehlp.dll (00007FFDCA020000), size: 126976 (result: 0), SymType: '-exported-', PDB: 'C:\WINDOWS\System32\imagehlp.dll', fileVersion: 6.2.22000.1
C:\WINDOWS\SYSTEM32\IPHLPAPI.DLL:IPHLPAPI.DLL (00007FFDC82B0000), size: 184320 (result: 0), SymType: '-exported-', PDB: 'C:\WINDOWS\SYSTEM32\IPHLPAPI.DLL', fileVersion: 6.2.22000.282
C:\Program Files (x86)\Steam\vstdlib_s64.dll:vstdlib_s64.dll (00007FFD7BE00000), size: 528384 (result: 0), SymType: '-exported-', PDB: 'C:\Program Files (x86)\Steam\vstdlib_s64.dll', fileVersion: 7.0.91.85
C:\WINDOWS\SYSTEM32\MSWSOCK.dll:MSWSOCK.dll (00007FFDC8C90000), size: 421888 (result: 0), SymType: '-exported-', PDB: 'C:\WINDOWS\SYSTEM32\MSWSOCK.dll', fileVersion: 6.2.22000.1
C:\Program Files (x86)\Steam\tier0_s64.dll:tier0_s64.dll (00007FFD6B490000), size: 1536000 (result: 0), SymType: '-exported-', PDB: 'C:\Program Files (x86)\Steam\tier0_s64.dll', fileVersion: 7.0.91.85
C:\WINDOWS\SYSTEM32\bcrypt.dll:bcrypt.dll (00007FFDC9050000), size: 159744 (result: 0), SymType: '-exported-', PDB: 'C:\WINDOWS\SYSTEM32\bcrypt.dll', fileVersion: 6.2.22000.1
C:\WINDOWS\SYSTEM32\Secur32.dll:Secur32.dll (00007FFDABAD0000), size: 49152 (result: 0), SymType: '-exported-', PDB: 'C:\WINDOWS\SYSTEM32\Secur32.dll', fileVersion: 6.2.22000.1
C:\WINDOWS\SYSTEM32\SSPICLI.DLL:SSPICLI.DLL (00007FFDC8A80000), size: 270336 (result: 0), SymType: '-exported-', PDB: 'C:\WINDOWS\SYSTEM32\SSPICLI.DLL', fileVersion: 6.2.22000.434
C:\WINDOWS\System32\shcore.dll:shcore.dll (00007FFDCA0C0000), size: 958464 (result: 0), SymType: '-exported-', PDB: 'C:\WINDOWS\System32\shcore.dll', fileVersion: 6.2.22000.71
C:\WINDOWS\SYSTEM32\windows.storage.dll:windows.storage.dll (00007FFDC77B0000), size: 8810496 (result: 0), SymType: '-exported-', PDB: 'C:\WINDOWS\SYSTEM32\windows.storage.dll', fileVersion: 6.2.22000.348
C:\WINDOWS\SYSTEM32\wintypes.dll:wintypes.dll (00007FFDC7640000), size: 1466368 (result: 0), SymType: '-exported-', PDB: 'C:\WINDOWS\SYSTEM32\wintypes.dll', fileVersion: 6.2.22000.41
C:\WINDOWS\SYSTEM32\directxdatabasehelper.dll:directxdatabasehelper.dll (00007FFDBBAB0000), size: 278528 (result: 0), SymType: '-nosymbols-', PDB: 'C:\WINDOWS\SYSTEM32\directxdatabasehelper.dll', fileVersion: 6.2.22000.1
C:\WINDOWS\SYSTEM32\ntmarta.dll:ntmarta.dll (00007FFDC6D50000), size: 212992 (result: 0), SymType: '-exported-', PDB: 'C:\WINDOWS\SYSTEM32\ntmarta.dll', fileVersion: 6.2.22000.1
C:\WINDOWS\system32\uxtheme.dll:uxtheme.dll (00007FFDC6A60000), size: 704512 (result: 0), SymType: '-exported-', PDB: 'C:\WINDOWS\system32\uxtheme.dll', fileVersion: 6.2.22000.120
C:\WINDOWS\System32\clbcatq.dll:clbcatq.dll (00007FFDCBA20000), size: 716800 (result: 0), SymType: '-exported-', PDB: 'C:\WINDOWS\System32\clbcatq.dll', fileVersion: 2001.12.10941.16384
C:\WINDOWS\System32\MMDevApi.dll:MMDevApi.dll (00007FFDC13C0000), size: 638976 (result: 0), SymType: '-exported-', PDB: 'C:\WINDOWS\System32\MMDevApi.dll', fileVersion: 6.2.22000.1
C:\WINDOWS\System32\DEVOBJ.dll:DEVOBJ.dll (00007FFDC9390000), size: 180224 (result: 0), SymType: '-exported-', PDB: 'C:\WINDOWS\System32\DEVOBJ.dll', fileVersion: 6.2.22000.1
C:\WINDOWS\SYSTEM32\cfgmgr32.dll:cfgmgr32.dll (00007FFDC91B0000), size: 311296 (result: 0), SymType: '-exported-', PDB: 'C:\WINDOWS\SYSTEM32\cfgmgr32.dll', fileVersion: 6.2.22000.1
C:\WINDOWS\SYSTEM32\winmmbase.dll:winmmbase.dll (00007FFDBBDB0000), size: 167936 (result: 0), SymType: '-exported-', PDB: 'C:\WINDOWS\SYSTEM32\winmmbase.dll', fileVersion: 6.2.22000.1
C:\WINDOWS\SYSTEM32\wdmaud.drv:wdmaud.drv (00007FFDBBCF0000), size: 286720 (result: 0), SymType: '-exported-', PDB: 'C:\WINDOWS\SYSTEM32\wdmaud.drv', fileVersion: 6.2.22000.1
C:\WINDOWS\SYSTEM32\ksuser.dll:ksuser.dll (00007FFDBBCE0000), size: 36864 (result: 0), SymType: '-exported-', PDB: 'C:\WINDOWS\SYSTEM32\ksuser.dll', fileVersion: 6.2.22000.1
C:\WINDOWS\SYSTEM32\AVRT.dll:AVRT.dll (00007FFDC57D0000), size: 45056 (result: 0), SymType: '-exported-', PDB: 'C:\WINDOWS\SYSTEM32\AVRT.dll', fileVersion: 6.2.22000.1
C:\WINDOWS\SYSTEM32\AUDIOSES.DLL:AUDIOSES.DLL (00007FFDB9CA0000), size: 1921024 (result: 0), SymType: '-exported-', PDB: 'C:\WINDOWS\SYSTEM32\AUDIOSES.DLL', fileVersion: 6.2.22000.348
C:\WINDOWS\SYSTEM32\msacm32.drv:msacm32.drv (00007FFDB91A0000), size: 53248 (result: 0), SymType: '-exported-', PDB: 'C:\WINDOWS\SYSTEM32\msacm32.drv', fileVersion: 6.2.22000.1
C:\WINDOWS\SYSTEM32\midimap.dll:midimap.dll (00007FFDB8D50000), size: 45056 (result: 0), SymType: '-exported-', PDB: 'C:\WINDOWS\SYSTEM32\midimap.dll', fileVersion: 6.2.22000.1
C:\WINDOWS\SYSTEM32\resourcepolicyclient.dll:resourcepolicyclient.dll (00007FFDC6D90000), size: 86016 (result: 0), SymType: '-exported-', PDB: 'C:\WINDOWS\SYSTEM32\resourcepolicyclient.dll', fileVersion: 6.2.22000.1
C:\WINDOWS\SYSTEM32\powrprof.dll:powrprof.dll (00007FFDC8770000), size: 315392 (result: 0), SymType: '-exported-', PDB: 'C:\WINDOWS\SYSTEM32\powrprof.dll', fileVersion: 6.2.22000.1
C:\WINDOWS\SYSTEM32\UMPDC.dll:UMPDC.dll (00007FFDC8700000), size: 77824 (result: 0), SymType: '-exported-', PDB: 'C:\WINDOWS\SYSTEM32\UMPDC.dll', fileVersion: 6.2.22000.1
C:\WINDOWS\SYSTEM32\dbghelp.dll:dbghelp.dll (00007FFDC2070000), size: 2232320 (result: 0), SymType: '-exported-', PDB: 'C:\WINDOWS\SYSTEM32\dbghelp.dll', fileVersion: 6.2.22000.1
ERROR: SymGetSymFromAddr64, GetLastError: 487 (Address: 000000014000B58A)
ERROR: SymGetLineFromAddr64, GetLastError: 487 (Address: 000000014000B58A)
000000014000B58A (DarkSoulsIII): (filename not available): (function-name not available)
ERROR: SymGetLineFromAddr64, GetLastError: 487 (Address: 0000000140D3D957)
0000000140D3D957 (DarkSoulsIII): (filename not available): Scaleform::Render::Matrix4x4<float>::SetIdentity
ERROR: SymGetLineFromAddr64, GetLastError: 487 (Address: 0000000140D4E2FE)
0000000140D4E2FE (DarkSoulsIII): (filename not available): Scaleform::Render::Matrix4x4<float>::SetIdentity
ERROR: SymGetLineFromAddr64, GetLastError: 487 (Address: 0000000140D4C567)
0000000140D4C567 (DarkSoulsIII): (filename not available): Scaleform::Render::Matrix4x4<float>::SetIdentity
ERROR: SymGetLineFromAddr64, GetLastError: 487 (Address: 0000000140D4C425)
0000000140D4C425 (DarkSoulsIII): (filename not available): Scaleform::Render::Matrix4x4<float>::SetIdentity
ERROR: SymGetLineFromAddr64, GetLastError: 487 (Address: 00000001423B35B5)
00000001423B35B5 (DarkSoulsIII): (filename not available): Scaleform::Render::Matrix2x4<float>::TransformByInverse
ERROR: SymGetLineFromAddr64, GetLastError: 487 (Address: 00000001423B394D)
00000001423B394D (DarkSoulsIII): (filename not available): Scaleform::Render::Matrix2x4<float>::TransformByInverse
ERROR: SymGetLineFromAddr64, GetLastError: 487 (Address: 00000001423850C8)
00000001423850C8 (DarkSoulsIII): (filename not available): Scaleform::Render::Matrix2x4<float>::TransformByInverse
ERROR: SymGetLineFromAddr64, GetLastError: 487 (Address: 00000001423672D3)
00000001423672D3 (DarkSoulsIII): (filename not available): Scaleform::Render::Matrix2x4<float>::TransformByInverse
ERROR: SymGetLineFromAddr64, GetLastError: 487 (Address: 000000014233E36E)
000000014233E36E (DarkSoulsIII): (filename not available): Scaleform::Render::Matrix2x4<float>::TransformByInverse
ERROR: SymGetLineFromAddr64, GetLastError: 487 (Address: 0000000140ECCCAF)
0000000140ECCCAF (DarkSoulsIII): (filename not available): Scaleform::Render::Matrix2x4<float>::TransformByInverse
ERROR: SymGetLineFromAddr64, GetLastError: 487 (Address: 0000000140F06BFB)
0000000140F06BFB (DarkSoulsIII): (filename not available): Scaleform::Render::Matrix2x4<float>::TransformByInverse
ERROR: SymGetLineFromAddr64, GetLastError: 487 (Address: 0000000140F06E1A)
0000000140F06E1A (DarkSoulsIII): (filename not available): Scaleform::Render::Matrix2x4<float>::TransformByInverse
ERROR: SymGetLineFromAddr64, GetLastError: 487 (Address: 0000000141FC8D76)
0000000141FC8D76 (DarkSoulsIII): (filename not available): Scaleform::Render::Matrix2x4<float>::TransformByInverse
ERROR: SymGetLineFromAddr64, GetLastError: 487 (Address: 00007FFDCAAA54E0)
00007FFDCAAA54E0 (KERNEL32): (filename not available): BaseThreadInitThunk
ERROR: SymGetLineFromAddr64, GetLastError: 487 (Address: 00007FFDCC18485B)
00007FFDCC18485B (ntdll): (filename not available): RtlUserThreadStart
